<?xml version="1.0" encoding="UTF-8"?>
<!-- Generated by org.testng.reporters.JUnitReportReporter -->
<testsuite hostname="SD" failures="0" tests="2" name="com.DemoJavaV1.TestCases.Tc_003_NewCustomer" time="23.335" errors="0" timestamp="2022-02-14T13:51:47 IST" skipped="0">
  <testcase classname="com.DemoJavaV1.TestCases.Tc_003_NewCustomer" name="loginTest" time="2.487"/>
  <system-out/>
  <testcase classname="com.DemoJavaV1.TestCases.Tc_003_NewCustomer" name="newCustomer" time="20.848"/>
  <system-out/>
</testsuite> <!-- com.DemoJavaV1.TestCases.Tc_003_NewCustomer -->
