<?xml version="1.0" encoding="UTF-8"?>
<!-- Generated by org.testng.reporters.JUnitReportReporter -->
<testsuite hostname="SD" failures="0" tests="2" name="com.DemoJavaV1.TestCases.DataProviders" time="0.042" errors="0" timestamp="2022-03-10T18:51:58 IST" skipped="0">
  <testcase classname="com.DemoJavaV1.TestCases.DataProviders" name="get" time="0.002"/>
  <system-out/>
  <testcase classname="com.DemoJavaV1.TestCases.DataProviders" name="get" time="0.040"/>
  <system-out/>
</testsuite> <!-- com.DemoJavaV1.TestCases.DataProviders -->
