<?xml version="1.0" encoding="UTF-8"?>
<!-- Generated by org.testng.reporters.JUnitReportReporter -->
<testsuite hostname="SD" failures="0" tests="1" name="com.DemoJavaV1.TestCases.Tc_005_SampelTest" time="0.016" errors="0" timestamp="2022-02-19T15:21:27 IST" skipped="0">
  <testcase classname="com.DemoJavaV1.TestCases.Tc_005_SampelTest" name="just" time="0.016"/>
  <system-out/>
</testsuite> <!-- com.DemoJavaV1.TestCases.Tc_005_SampelTest -->
